

*******************************************************************************
Thu Oct 19 12:18:19 2023


FIT:    data read from 'herdan_hapaxes_exp.csv' u 1:2
        format = x:z
        x range restricted to [1.00000 : *]
        #datapoints = 131
        residuals are weighted equally (unit weight)

function used for fitting: TT1(x)
	TT1(n)=Constant(n,s(b1))
	s(r)=1/(1+abs(r))
	Constant(n,b)=n**b
fitted parameters initialized with current variable values

iter      chisq       delta/lim  lambda   b1           
   0 1.0066056020e+09   0.00e+00  4.07e+02    1.000000e+00
   7 4.7339585956e+07  -6.54e-03  4.07e+00    3.212574e-01

After 7 iterations the fit converged.
final sum of squares of residuals : 4.73396e+07
rel. change during last iteration : -6.54282e-08

degrees of freedom    (FIT_NDF)                        : 130
rms of residuals      (FIT_STDFIT) = sqrt(WSSR/ndf)    : 603.449
variance of residuals (reduced chisquare) = WSSR/ndf   : 364151

Final set of parameters            Asymptotic Standard Error
=======================            ==========================
b1              = 0.321257         +/- 0.002773     (0.8632%)


*******************************************************************************
Thu Oct 19 12:18:19 2023


FIT:    data read from 'herdan_hapaxes_exp.csv' u 1:2
        format = x:z
        x range restricted to [1.00000 : *]
        #datapoints = 131
        residuals are weighted equally (unit weight)

function used for fitting: TT2(x)
	TT2(n)=Davis(n,s(a2)*20)
	s(r)=1/(1+abs(r))
	Davis(n,a)=Davis_0(n*exp(-a))/Davis_0(exp(-a))
	Davis_0(n)=n*log(n)/(n-1)
fitted parameters initialized with current variable values

iter      chisq       delta/lim  lambda   a2           
   0 1.4353647742e+08   0.00e+00  4.79e+03    1.000000e+00
   4 2.6484076694e+05  -3.77e-01  4.79e-01    8.326985e-01

After 4 iterations the fit converged.
final sum of squares of residuals : 264841
rel. change during last iteration : -3.76966e-06

degrees of freedom    (FIT_NDF)                        : 130
rms of residuals      (FIT_STDFIT) = sqrt(WSSR/ndf)    : 45.1358
variance of residuals (reduced chisquare) = WSSR/ndf   : 2037.24

Final set of parameters            Asymptotic Standard Error
=======================            ==========================
a2              = 0.832699         +/- 0.0004959    (0.05956%)


*******************************************************************************
Thu Oct 19 12:18:19 2023


FIT:    data read from 'herdan_hapaxes_exp.csv' u 1:2
        format = x:z
        x range restricted to [1.00000 : *]
        #datapoints = 131
        residuals are weighted equally (unit weight)

function used for fitting: TT3(x)
	TT3(n)=Logistic_C(n,s(c3),s(b3),s(a3)*20)
	s(r)=1/(1+abs(r))
	Logistic_C(n,c,b,a)=Logistic_C_S(n*exp(-a),c,b)/Logistic_C_S(exp(-a),c,b)
	Logistic_C_S(n,c,b)=Logistic_S(n,c)**(1-b)*n**b
	Logistic_S(n,c)=(2**(1/c))*n/(n**c+1)**(1/c)
fitted parameters initialized with current variable values

iter      chisq       delta/lim  lambda   c3            b3            a3           
   0 1.7299908756e+10   0.00e+00  1.55e+04    1.000000e+00   1.000000e+00   1.000000e+00
   9 1.1968534209e+04  -9.35e-04  1.55e+01    2.003385e+00   3.320652e+00   1.254063e+00

After 9 iterations the fit converged.
final sum of squares of residuals : 11968.5
rel. change during last iteration : -9.35462e-09

degrees of freedom    (FIT_NDF)                        : 128
rms of residuals      (FIT_STDFIT) = sqrt(WSSR/ndf)    : 9.66976
variance of residuals (reduced chisquare) = WSSR/ndf   : 93.5042

Final set of parameters            Asymptotic Standard Error
=======================            ==========================
c3              = 2.00339          +/- 0.02895      (1.445%)
b3              = 3.32065          +/- 0.1447       (4.357%)
a3              = 1.25406          +/- 0.01841      (1.468%)

correlation matrix of the fit parameters:
                c3     b3     a3     
c3              1.000 
b3              0.987  1.000 
a3             -0.993 -0.999  1.000 


*******************************************************************************
Thu Oct 19 12:18:19 2023


FIT:    data read from 'herdan_hapaxes_exp.csv' u 1:2
        format = x:z
        x range restricted to [1.00000 : *]
        #datapoints = 131
        residuals are weighted equally (unit weight)

function used for fitting: TT4(x)
	TT4(n)=Linear(n,s(c4)*0.1,s(a4)*20)
	s(r)=1/(1+abs(r))
	Linear(n,c,a)=Linear_0(n*exp(-a),c)/Linear_0(exp(-a),c)
	Linear_0(n,c)=(n<1)?n:(n>exp(1/c))?sqrt(exp(1/c)):exp(log(n)-c/2.0*log(n)**2)
fitted parameters initialized with current variable values

iter      chisq       delta/lim  lambda   c4            a4           
   0 2.4155019279e+11   0.00e+00  1.60e+04    1.000000e+00   1.000000e+00
  88 1.1258696539e+04  -2.71e-01  1.60e-02    8.647962e-01  -1.277402e+01

After 88 iterations the fit converged.
final sum of squares of residuals : 11258.7
rel. change during last iteration : -2.71219e-06

degrees of freedom    (FIT_NDF)                        : 129
rms of residuals      (FIT_STDFIT) = sqrt(WSSR/ndf)    : 9.3422
variance of residuals (reduced chisquare) = WSSR/ndf   : 87.2767

Final set of parameters            Asymptotic Standard Error
=======================            ==========================
c4              = 0.864796         +/- 0.002503     (0.2895%)
a4              = -12.774          +/- 0.06493      (0.5083%)

correlation matrix of the fit parameters:
                c4     a4     
c4              1.000 
a4             -0.997  1.000 
