

*******************************************************************************
Thu Oct 19 12:16:58 2023


FIT:    data read from 'herdan_hapaxes_exp.csv' u 1:2
        format = x:z
        x range restricted to [1.00000 : *]
        #datapoints = 121
        residuals are weighted equally (unit weight)

function used for fitting: TT1(x)
	TT1(n)=Constant(n,s(b1))
	s(r)=1/(1+abs(r))
	Constant(n,b)=n**b
fitted parameters initialized with current variable values

iter      chisq       delta/lim  lambda   b1           
   0 5.9935128101e+08   0.00e+00  2.41e+02    1.000000e+00
  13 1.9477492268e+07  -4.16e-04  2.41e-01    2.510160e-01

After 13 iterations the fit converged.
final sum of squares of residuals : 1.94775e+07
rel. change during last iteration : -4.16252e-09

degrees of freedom    (FIT_NDF)                        : 120
rms of residuals      (FIT_STDFIT) = sqrt(WSSR/ndf)    : 402.88
variance of residuals (reduced chisquare) = WSSR/ndf   : 162312

Final set of parameters            Asymptotic Standard Error
=======================            ==========================
b1              = 0.251016         +/- 0.002335     (0.9303%)


*******************************************************************************
Thu Oct 19 12:16:58 2023


FIT:    data read from 'herdan_hapaxes_exp.csv' u 1:2
        format = x:z
        x range restricted to [1.00000 : *]
        #datapoints = 121
        residuals are weighted equally (unit weight)

function used for fitting: TT2(x)
	TT2(n)=Davis(n,s(a2)*20)
	s(r)=1/(1+abs(r))
	Davis(n,a)=Davis_0(n*exp(-a))/Davis_0(exp(-a))
	Davis_0(n)=n*log(n)/(n-1)
fitted parameters initialized with current variable values

iter      chisq       delta/lim  lambda   a2           
   0 1.2572235789e+08   0.00e+00  2.92e+03    1.000000e+00
   4 8.4158169602e+05  -3.52e-01  2.92e-01    7.495121e-01

After 4 iterations the fit converged.
final sum of squares of residuals : 841582
rel. change during last iteration : -3.51959e-06

degrees of freedom    (FIT_NDF)                        : 120
rms of residuals      (FIT_STDFIT) = sqrt(WSSR/ndf)    : 83.7447
variance of residuals (reduced chisquare) = WSSR/ndf   : 7013.18

Final set of parameters            Asymptotic Standard Error
=======================            ==========================
a2              = 0.749512         +/- 0.001421     (0.1896%)


*******************************************************************************
Thu Oct 19 12:16:58 2023


FIT:    data read from 'herdan_hapaxes_exp.csv' u 1:2
        format = x:z
        x range restricted to [1.00000 : *]
        #datapoints = 121
        residuals are weighted equally (unit weight)

function used for fitting: TT3(x)
	TT3(n)=Logistic_C(n,s(c3),s(b3),s(a3)*20)
	s(r)=1/(1+abs(r))
	Logistic_C(n,c,b,a)=Logistic_C_S(n*exp(-a),c,b)/Logistic_C_S(exp(-a),c,b)
	Logistic_C_S(n,c,b)=Logistic_S(n,c)**(1-b)*n**b
	Logistic_S(n,c)=(2**(1/c))*n/(n**c+1)**(1/c)
fitted parameters initialized with current variable values

iter      chisq       delta/lim  lambda   c3            b3            a3           
   0 3.7407441404e+09   0.00e+00  7.22e+03    1.000000e+00   1.000000e+00   1.000000e+00
 595 1.1461375162e+03  -8.11e-05  7.22e-04    2.057878e+00   5.164248e+00   1.047012e+00

After 595 iterations the fit converged.
final sum of squares of residuals : 1146.14
rel. change during last iteration : -8.11127e-10

degrees of freedom    (FIT_NDF)                        : 118
rms of residuals      (FIT_STDFIT) = sqrt(WSSR/ndf)    : 3.11657
variance of residuals (reduced chisquare) = WSSR/ndf   : 9.71303

Final set of parameters            Asymptotic Standard Error
=======================            ==========================
c3              = 2.05788          +/- 0.01555      (0.7557%)
b3              = 5.16425          +/- 0.2732       (5.29%)
a3              = 1.04701          +/- 0.01154      (1.102%)

correlation matrix of the fit parameters:
                c3     b3     a3     
c3              1.000 
b3              0.990  1.000 
a3             -0.995 -0.999  1.000 


*******************************************************************************
Thu Oct 19 12:17:01 2023


FIT:    data read from 'herdan_hapaxes_exp.csv' u 1:2
        format = x:z
        x range restricted to [1.00000 : *]
        #datapoints = 121
        residuals are weighted equally (unit weight)

function used for fitting: TT4(x)
	TT4(n)=Linear(n,s(c4)*0.1,s(a4)*20)
	s(r)=1/(1+abs(r))
	Linear(n,c,a)=Linear_0(n*exp(-a),c)/Linear_0(exp(-a),c)
	Linear_0(n,c)=(n<1)?n:(n>exp(1/c))?sqrt(exp(1/c)):exp(log(n)-c/2.0*log(n)**2)
fitted parameters initialized with current variable values

iter      chisq       delta/lim  lambda   c4            a4           
   0 3.6726529476e+10   0.00e+00  3.76e+03    1.000000e+00   1.000000e+00
 125 3.2322417508e+04  -8.93e-02  3.76e-02    8.726476e-01   9.864061e+00

After 125 iterations the fit converged.
final sum of squares of residuals : 32322.4
rel. change during last iteration : -8.92964e-07

degrees of freedom    (FIT_NDF)                        : 119
rms of residuals      (FIT_STDFIT) = sqrt(WSSR/ndf)    : 16.4808
variance of residuals (reduced chisquare) = WSSR/ndf   : 271.617

Final set of parameters            Asymptotic Standard Error
=======================            ==========================
c4              = 0.872648         +/- 0.007456     (0.8544%)
a4              = 9.86406          +/- 0.1051       (1.066%)

correlation matrix of the fit parameters:
                c4     a4     
c4              1.000 
a4              0.997  1.000 
